This file contains any messages produced by compilers while
running configure, to aid debugging if configure makes a mistake.

It was created by GNU Hello configure 2.12.1-6fe9, which was
generated by GNU Autoconf 2.69.  Invocation command line was

  $ /home/eino/repo/enewald/enewald/packages.local/hello-2.12/configure 

## --------- ##
## Platform. ##
## --------- ##

hostname = eino-IdeaPad-L340-15IRH-Gaming
uname -m = x86_64
uname -r = 6.8.0-39-generic
uname -s = Linux
uname -v = #39-Ubuntu SMP PREEMPT_DYNAMIC Fri Jul  5 21:49:14 UTC 2024

/usr/bin/uname -p = x86_64
/bin/uname -X     = unknown

/bin/arch              = x86_64
/usr/bin/arch -k       = unknown
/usr/convex/getsysinfo = unknown
/usr/bin/hostinfo      = unknown
/bin/machine           = unknown
/usr/bin/oslevel       = unknown
/bin/universe          = unknown

PATH: /home/eino/gems/bin
PATH: /home/eino/.nvm/versions/node/v20.14.0/bin
PATH: /home/eino/.cargo/bin
PATH: /usr/local/sbin
PATH: /usr/local/bin
PATH: /usr/sbin
PATH: /usr/bin
PATH: /sbin
PATH: /bin
PATH: /usr/games
PATH: /usr/local/games
PATH: /snap/bin
PATH: /snap/bin


## ----------- ##
## Core tests. ##
## ----------- ##

configure:3520: checking for a BSD-compatible install
configure:3588: result: /usr/bin/install -c
configure:3599: checking whether build environment is sane
configure:3654: result: yes
configure:3805: checking for a thread-safe mkdir -p
configure:3844: result: /usr/bin/mkdir -p
configure:3851: checking for gawk
configure:3881: result: no
configure:3851: checking for mawk
configure:3867: found /usr/bin/mawk
configure:3878: result: mawk
configure:3889: checking whether make sets $(MAKE)
configure:3911: result: yes
configure:3940: checking whether make supports nested variables
configure:3957: result: yes
configure:4137: checking for gcc
configure:4153: found /usr/bin/gcc
configure:4164: result: gcc
configure:4487: checking for C compiler version
configure:4496: gcc --version >&5
gcc (Ubuntu 13.2.0-23ubuntu4) 13.2.0
Copyright (C) 2023 Free Software Foundation, Inc.
This is free software; see the source for copying conditions.  There is NO
warranty; not even for MERCHANTABILITY or FITNESS FOR A PARTICULAR PURPOSE.

configure:4507: $? = 0
configure:4496: gcc -v >&5
Using built-in specs.
COLLECT_GCC=gcc
COLLECT_LTO_WRAPPER=/usr/libexec/gcc/x86_64-linux-gnu/13/lto-wrapper
OFFLOAD_TARGET_NAMES=nvptx-none:amdgcn-amdhsa
OFFLOAD_TARGET_DEFAULT=1
Target: x86_64-linux-gnu
Configured with: ../src/configure -v --with-pkgversion='Ubuntu 13.2.0-23ubuntu4' --with-bugurl=file:///usr/share/doc/gcc-13/README.Bugs --enable-languages=c,ada,c++,go,d,fortran,objc,obj-c++,m2 --prefix=/usr --with-gcc-major-version-only --program-suffix=-13 --program-prefix=x86_64-linux-gnu- --enable-shared --enable-linker-build-id --libexecdir=/usr/libexec --without-included-gettext --enable-threads=posix --libdir=/usr/lib --enable-nls --enable-clocale=gnu --enable-libstdcxx-debug --enable-libstdcxx-time=yes --with-default-libstdcxx-abi=new --enable-libstdcxx-backtrace --enable-gnu-unique-object --disable-vtable-verify --enable-plugin --enable-default-pie --with-system-zlib --enable-libphobos-checking=release --with-target-system-zlib=auto --enable-objc-gc=auto --enable-multiarch --disable-werror --enable-cet --with-arch-32=i686 --with-abi=m64 --with-multilib-list=m32,m64,mx32 --enable-multilib --with-tune=generic --enable-offload-targets=nvptx-none=/build/gcc-13-uJ7kn6/gcc-13-13.2.0/debian/tmp-nvptx/usr,amdgcn-amdhsa=/build/gcc-13-uJ7kn6/gcc-13-13.2.0/debian/tmp-gcn/usr --enable-offload-defaulted --without-cuda-driver --enable-checking=release --build=x86_64-linux-gnu --host=x86_64-linux-gnu --target=x86_64-linux-gnu
Thread model: posix
Supported LTO compression algorithms: zlib zstd
gcc version 13.2.0 (Ubuntu 13.2.0-23ubuntu4) 
... rest of stderr output deleted ...
configure:4507: $? = 0
configure:4496: gcc -V >&5
gcc: error: unrecognized command-line option '-V'
gcc: fatal error: no input files
compilation terminated.
configure:4507: $? = 1
configure:4496: gcc -qversion >&5
gcc: error: unrecognized command-line option '-qversion'; did you mean '--version'?
gcc: fatal error: no input files
compilation terminated.
configure:4507: $? = 1
configure:4496: gcc -version >&5
gcc: error: unrecognized command-line option '-version'
gcc: fatal error: no input files
compilation terminated.
configure:4507: $? = 1
configure:4527: checking whether the C compiler works
configure:4549: gcc    conftest.c  >&5
configure:4553: $? = 0
configure:4601: result: yes
configure:4604: checking for C compiler default output file name
configure:4606: result: a.out
configure:4612: checking for suffix of executables
configure:4619: gcc -o conftest    conftest.c  >&5
configure:4623: $? = 0
configure:4645: result: 
configure:4667: checking whether we are cross compiling
configure:4675: gcc -o conftest    conftest.c  >&5
configure:4679: $? = 0
configure:4686: ./conftest
configure:4690: $? = 0
configure:4705: result: no
configure:4710: checking for suffix of object files
configure:4732: gcc -c   conftest.c >&5
configure:4736: $? = 0
configure:4757: result: o
configure:4761: checking whether we are using the GNU C compiler
configure:4780: gcc -c   conftest.c >&5
configure:4780: $? = 0
configure:4789: result: yes
configure:4798: checking whether gcc accepts -g
configure:4818: gcc -c -g  conftest.c >&5
configure:4818: $? = 0
configure:4859: result: yes
configure:4876: checking for gcc option to enable C11 features
configure:5079: gcc  -c -g -O2  conftest.c >&5
configure:5079: $? = 0
configure:5093: result: none needed
configure:5395: checking whether the compiler is clang
configure:5416: gcc -c -g -O2  conftest.c >&5
configure:5416: $? = 0
configure:5424: result: no
configure:5428: checking for compiler option needed when checking for declarations
configure:5459: result: none
configure:5471: checking whether make supports the include directive
configure:5486: make -f confmf.GNU && cat confinc.out
this is the am__doit target
configure:5489: $? = 0
configure:5508: result: yes (GNU style)
configure:5533: checking dependency style of gcc
configure:5644: result: gcc3
configure:5667: checking how to run the C preprocessor
configure:5698: gcc -E  conftest.c
configure:5698: $? = 0
configure:5712: gcc -E  conftest.c
conftest.c:11:10: fatal error: ac_nonexistent.h: No such file or directory
   11 | #include <ac_nonexistent.h>
      |          ^~~~~~~~~~~~~~~~~~
compilation terminated.
configure:5712: $? = 1
configure: failed program was:
| /* confdefs.h */
| #define PACKAGE_NAME "GNU Hello"
| #define PACKAGE_TARNAME "hello"
| #define PACKAGE_VERSION "2.12.1-6fe9"
| #define PACKAGE_STRING "GNU Hello 2.12.1-6fe9"
| #define PACKAGE_BUGREPORT "bug-hello@gnu.org"
| #define PACKAGE_URL "https://www.gnu.org/software/hello/"
| #define PACKAGE "hello"
| #define VERSION "2.12.1-6fe9"
| /* end confdefs.h.  */
| #include <ac_nonexistent.h>
configure:5737: result: gcc -E
configure:5757: gcc -E  conftest.c
configure:5757: $? = 0
configure:5771: gcc -E  conftest.c
conftest.c:11:10: fatal error: ac_nonexistent.h: No such file or directory
   11 | #include <ac_nonexistent.h>
      |          ^~~~~~~~~~~~~~~~~~
compilation terminated.
configure:5771: $? = 1
configure: failed program was:
| /* confdefs.h */
| #define PACKAGE_NAME "GNU Hello"
| #define PACKAGE_TARNAME "hello"
| #define PACKAGE_VERSION "2.12.1-6fe9"
| #define PACKAGE_STRING "GNU Hello 2.12.1-6fe9"
| #define PACKAGE_BUGREPORT "bug-hello@gnu.org"
| #define PACKAGE_URL "https://www.gnu.org/software/hello/"
| #define PACKAGE "hello"
| #define VERSION "2.12.1-6fe9"
| /* end confdefs.h.  */
| #include <ac_nonexistent.h>
configure:5800: checking for grep that handles long lines and -e
configure:5858: result: /usr/bin/grep
configure:5863: checking for egrep
configure:5925: result: /usr/bin/grep -E
configure:5930: checking for ANSI C header files
configure:5950: gcc -c -g -O2  conftest.c >&5
configure:5950: $? = 0
configure:6023: gcc -o conftest -g -O2   conftest.c  >&5
configure:6023: $? = 0
configure:6023: ./conftest
configure:6023: $? = 0
configure:6034: result: yes
configure:6047: checking for sys/types.h
configure:6047: gcc -c -g -O2  conftest.c >&5
configure:6047: $? = 0
configure:6047: result: yes
configure:6047: checking for sys/stat.h
configure:6047: gcc -c -g -O2  conftest.c >&5
configure:6047: $? = 0
configure:6047: result: yes
configure:6047: checking for stdlib.h
configure:6047: gcc -c -g -O2  conftest.c >&5
configure:6047: $? = 0
configure:6047: result: yes
configure:6047: checking for string.h
configure:6047: gcc -c -g -O2  conftest.c >&5

## ---------------- ##
## Cache variables. ##
## ---------------- ##

ac_cv_c_compiler_gnu=yes
ac_cv_env_CC_set=
ac_cv_env_CC_value=
ac_cv_env_CFLAGS_set=
ac_cv_env_CFLAGS_value=
ac_cv_env_CPPFLAGS_set=
ac_cv_env_CPPFLAGS_value=
ac_cv_env_CPP_set=
ac_cv_env_CPP_value=
ac_cv_env_LDFLAGS_set=
ac_cv_env_LDFLAGS_value=
ac_cv_env_LIBS_set=
ac_cv_env_LIBS_value=
ac_cv_env_build_alias_set=
ac_cv_env_build_alias_value=
ac_cv_env_host_alias_set=
ac_cv_env_host_alias_value=
ac_cv_env_target_alias_set=
ac_cv_env_target_alias_value=
ac_cv_header_stdc=yes
ac_cv_header_stdlib_h=yes
ac_cv_header_sys_stat_h=yes
ac_cv_header_sys_types_h=yes
ac_cv_objext=o
ac_cv_path_EGREP='/usr/bin/grep -E'
ac_cv_path_GREP=/usr/bin/grep
ac_cv_path_install='/usr/bin/install -c'
ac_cv_path_mkdir=/usr/bin/mkdir
ac_cv_prog_AWK=mawk
ac_cv_prog_CPP='gcc -E'
ac_cv_prog_ac_ct_CC=gcc
ac_cv_prog_cc_c11=
ac_cv_prog_cc_g=yes
ac_cv_prog_cc_stdc=
ac_cv_prog_make_make_set=yes
am_cv_CC_dependencies_compiler_type=gcc3
am_cv_make_support_nested_variables=yes
gl_cv_compiler_check_decl_option=none
gl_cv_compiler_clang=no

## ----------------- ##
## Output variables. ##
## ----------------- ##

ACLOCAL='${SHELL} /home/eino/repo/enewald/enewald/packages.local/hello-2.12/build-aux/missing aclocal-1.16'
ALLOCA=''
ALLOCA_H=''
AMDEPBACKSLASH='\'
AMDEP_FALSE='#'
AMDEP_TRUE=''
AMTAR='$${TAR-tar}'
AM_BACKSLASH='\'
AM_DEFAULT_V='$(AM_DEFAULT_VERBOSITY)'
AM_DEFAULT_VERBOSITY='1'
AM_V='$(V)'
APPLE_UNIVERSAL_BUILD=''
AR=''
ARFLAGS=''
AUTOCONF='${SHELL} /home/eino/repo/enewald/enewald/packages.local/hello-2.12/build-aux/missing autoconf'
AUTOHEADER='${SHELL} /home/eino/repo/enewald/enewald/packages.local/hello-2.12/build-aux/missing autoheader'
AUTOMAKE='${SHELL} /home/eino/repo/enewald/enewald/packages.local/hello-2.12/build-aux/missing automake-1.16'
AWK='mawk'
BITSIZEOF_PTRDIFF_T=''
BITSIZEOF_SIG_ATOMIC_T=''
BITSIZEOF_SIZE_T=''
BITSIZEOF_WCHAR_T=''
BITSIZEOF_WINT_T=''
BUILD_FROM_GIT_FALSE=''
BUILD_FROM_GIT_TRUE=''
CC='gcc'
CCDEPMODE='depmode=gcc3'
CFLAGS='-g -O2'
CFLAG_VISIBILITY=''
CONFIG_INCLUDE=''
CPP='gcc -E'
CPPFLAGS=''
CYGPATH_W='echo'
DEFS=''
DEPDIR='.deps'
ECHO_C=''
ECHO_N='-n'
ECHO_T=''
EGREP='/usr/bin/grep -E'
EMULTIHOP_HIDDEN=''
EMULTIHOP_VALUE=''
ENOLINK_HIDDEN=''
ENOLINK_VALUE=''
EOVERFLOW_HIDDEN=''
EOVERFLOW_VALUE=''
ERRNO_H=''
EXEEXT=''
GETOPT_CDEFS_H=''
GETOPT_H=''
GETTEXT_MACRO_VERSION=''
GIT_CROSS_COMPILING_FALSE=''
GIT_CROSS_COMPILING_TRUE=''
GL_COND_LIBTOOL_FALSE=''
GL_COND_LIBTOOL_TRUE=''
GL_GENERATE_ALLOCA_H_FALSE=''
GL_GENERATE_ALLOCA_H_TRUE=''
GL_GENERATE_ERRNO_H_FALSE=''
GL_GENERATE_ERRNO_H_TRUE=''
GL_GENERATE_ICONV_H_FALSE=''
GL_GENERATE_ICONV_H_TRUE=''
GL_GENERATE_LIMITS_H_FALSE=''
GL_GENERATE_LIMITS_H_TRUE=''
GL_GENERATE_STDARG_H_FALSE=''
GL_GENERATE_STDARG_H_TRUE=''
GL_GENERATE_STDBOOL_H_FALSE=''
GL_GENERATE_STDBOOL_H_TRUE=''
GL_GENERATE_STDDEF_H_FALSE=''
GL_GENERATE_STDDEF_H_TRUE=''
GL_GENERATE_STDINT_H_FALSE=''
GL_GENERATE_STDINT_H_TRUE=''
GL_GENERATE_STDNORETURN_H_FALSE=''
GL_GENERATE_STDNORETURN_H_TRUE=''
GMSGFMT=''
GMSGFMT_015=''
GNULIB_ACCESS=''
GNULIB_ALIGNED_ALLOC=''
GNULIB_ATOLL=''
GNULIB_BTOWC=''
GNULIB_CALLOC_POSIX=''
GNULIB_CANONICALIZE_FILE_NAME=''
GNULIB_CHDIR=''
GNULIB_CHOWN=''
GNULIB_CLOSE=''
GNULIB_COPY_FILE_RANGE=''
GNULIB_CREAT=''
GNULIB_CTIME=''
GNULIB_DPRINTF=''
GNULIB_DUP2=''
GNULIB_DUP3=''
GNULIB_DUP=''
GNULIB_DUPLOCALE=''
GNULIB_ENVIRON=''
GNULIB_EUIDACCESS=''
GNULIB_EXECL=''
GNULIB_EXECLE=''
GNULIB_EXECLP=''
GNULIB_EXECV=''
GNULIB_EXECVE=''
GNULIB_EXECVP=''
GNULIB_EXECVPE=''
GNULIB_EXPLICIT_BZERO=''
GNULIB_FACCESSAT=''
GNULIB_FCHDIR=''
GNULIB_FCHMODAT=''
GNULIB_FCHOWNAT=''
GNULIB_FCLOSE=''
GNULIB_FCNTL=''
GNULIB_FDATASYNC=''
GNULIB_FDOPEN=''
GNULIB_FFLUSH=''
GNULIB_FFSL=''
GNULIB_FFSLL=''
GNULIB_FGETC=''
GNULIB_FGETS=''
GNULIB_FOPEN=''
GNULIB_FPRINTF=''
GNULIB_FPRINTF_POSIX=''
GNULIB_FPURGE=''
GNULIB_FPUTC=''
GNULIB_FPUTS=''
GNULIB_FREAD=''
GNULIB_FREE_POSIX=''
GNULIB_FREOPEN=''
GNULIB_FSCANF=''
GNULIB_FSEEK=''
GNULIB_FSEEKO=''
GNULIB_FSTAT=''
GNULIB_FSTATAT=''
GNULIB_FSYNC=''
GNULIB_FTELL=''
GNULIB_FTELLO=''
GNULIB_FTRUNCATE=''
GNULIB_FUTIMENS=''
GNULIB_FWRITE=''
GNULIB_GETC=''
GNULIB_GETCHAR=''
GNULIB_GETCWD=''
GNULIB_GETDELIM=''
GNULIB_GETDOMAINNAME=''
GNULIB_GETDTABLESIZE=''
GNULIB_GETENTROPY=''
GNULIB_GETGROUPS=''
GNULIB_GETHOSTNAME=''
GNULIB_GETLINE=''
GNULIB_GETLOADAVG=''
GNULIB_GETLOGIN=''
GNULIB_GETLOGIN_R=''
GNULIB_GETOPT_POSIX=''
GNULIB_GETPAGESIZE=''
GNULIB_GETPASS=''
GNULIB_GETSUBOPT=''
GNULIB_GETTIMEOFDAY=''
GNULIB_GETUMASK=''
GNULIB_GETUSERSHELL=''
GNULIB_GL_UNISTD_H_GETOPT=''
GNULIB_GRANTPT=''
GNULIB_GROUP_MEMBER=''
GNULIB_ICONV=''
GNULIB_IMAXABS=''
GNULIB_IMAXDIV=''
GNULIB_ISATTY=''
GNULIB_ISWBLANK=''
GNULIB_ISWCTYPE=''
GNULIB_ISWDIGIT=''
GNULIB_ISWXDIGIT=''
GNULIB_LCHMOD=''
GNULIB_LCHOWN=''
GNULIB_LINK=''
GNULIB_LINKAT=''
GNULIB_LOCALECONV=''
GNULIB_LOCALENAME=''
GNULIB_LOCALTIME=''
GNULIB_LSEEK=''
GNULIB_LSTAT=''
GNULIB_MALLOC_POSIX=''
GNULIB_MBRLEN=''
GNULIB_MBRTOWC=''
GNULIB_MBSCASECMP=''
GNULIB_MBSCASESTR=''
GNULIB_MBSCHR=''
GNULIB_MBSCSPN=''
GNULIB_MBSINIT=''
GNULIB_MBSLEN=''
GNULIB_MBSNCASECMP=''
GNULIB_MBSNLEN=''
GNULIB_MBSNRTOWCS=''
GNULIB_MBSPBRK=''
GNULIB_MBSPCASECMP=''
GNULIB_MBSRCHR=''
GNULIB_MBSRTOWCS=''
GNULIB_MBSSEP=''
GNULIB_MBSSPN=''
GNULIB_MBSSTR=''
GNULIB_MBSTOK_R=''
GNULIB_MBTOWC=''
GNULIB_MDA_ACCESS=''
GNULIB_MDA_CHDIR=''
GNULIB_MDA_CHMOD=''
GNULIB_MDA_CLOSE=''
GNULIB_MDA_CREAT=''
GNULIB_MDA_DUP2=''
GNULIB_MDA_DUP=''
GNULIB_MDA_ECVT=''
GNULIB_MDA_EXECL=''
GNULIB_MDA_EXECLE=''
GNULIB_MDA_EXECLP=''
GNULIB_MDA_EXECV=''
GNULIB_MDA_EXECVE=''
GNULIB_MDA_EXECVP=''
GNULIB_MDA_EXECVPE=''
GNULIB_MDA_FCLOSEALL=''
GNULIB_MDA_FCVT=''
GNULIB_MDA_FDOPEN=''
GNULIB_MDA_FILENO=''
GNULIB_MDA_GCVT=''
GNULIB_MDA_GETCWD=''
GNULIB_MDA_GETPID=''
GNULIB_MDA_GETW=''
GNULIB_MDA_ISATTY=''
GNULIB_MDA_LSEEK=''
GNULIB_MDA_MEMCCPY=''
GNULIB_MDA_MKDIR=''
GNULIB_MDA_MKTEMP=''
GNULIB_MDA_OPEN=''
GNULIB_MDA_PUTENV=''
GNULIB_MDA_PUTW=''
GNULIB_MDA_READ=''
GNULIB_MDA_RMDIR=''
GNULIB_MDA_STRDUP=''
GNULIB_MDA_SWAB=''
GNULIB_MDA_TEMPNAM=''
GNULIB_MDA_TZSET=''
GNULIB_MDA_UMASK=''
GNULIB_MDA_UNLINK=''
GNULIB_MDA_WCSDUP=''
GNULIB_MDA_WRITE=''
GNULIB_MEMCHR=''
GNULIB_MEMMEM=''
GNULIB_MEMPCPY=''
GNULIB_MEMRCHR=''
GNULIB_MKDIR=''
GNULIB_MKDIRAT=''
GNULIB_MKDTEMP=''
GNULIB_MKFIFO=''
GNULIB_MKFIFOAT=''
GNULIB_MKNOD=''
GNULIB_MKNODAT=''
GNULIB_MKOSTEMP=''
GNULIB_MKOSTEMPS=''
GNULIB_MKSTEMP=''
GNULIB_MKSTEMPS=''
GNULIB_MKTIME=''
GNULIB_NANOSLEEP=''
GNULIB_NONBLOCKING=''
GNULIB_OBSTACK_PRINTF=''
GNULIB_OBSTACK_PRINTF_POSIX=''
GNULIB_OPEN=''
GNULIB_OPENAT=''
GNULIB_OVERRIDES_STRUCT_STAT=''
GNULIB_OVERRIDES_WINT_T=''
GNULIB_PCLOSE=''
GNULIB_PERROR=''
GNULIB_PIPE2=''
GNULIB_PIPE=''
GNULIB_POPEN=''
GNULIB_POSIX_MEMALIGN=''
GNULIB_POSIX_OPENPT=''
GNULIB_PREAD=''
GNULIB_PRINTF=''
GNULIB_PRINTF_POSIX=''
GNULIB_PTSNAME=''
GNULIB_PTSNAME_R=''
GNULIB_PUTC=''
GNULIB_PUTCHAR=''
GNULIB_PUTENV=''
GNULIB_PUTS=''
GNULIB_PWRITE=''
GNULIB_QSORT_R=''
GNULIB_RANDOM=''
GNULIB_RANDOM_R=''
GNULIB_RAWMEMCHR=''
GNULIB_READ=''
GNULIB_READLINK=''
GNULIB_READLINKAT=''
GNULIB_REALLOCARRAY=''
GNULIB_REALLOC_POSIX=''
GNULIB_REALPATH=''
GNULIB_REMOVE=''
GNULIB_RENAME=''
GNULIB_RENAMEAT=''
GNULIB_RMDIR=''
GNULIB_RPMATCH=''
GNULIB_SCANF=''
GNULIB_SECURE_GETENV=''
GNULIB_SETENV=''
GNULIB_SETHOSTNAME=''
GNULIB_SETLOCALE=''
GNULIB_SETLOCALE_NULL=''
GNULIB_SIGABBREV_NP=''
GNULIB_SIGDESCR_NP=''
GNULIB_SLEEP=''
GNULIB_SNPRINTF=''
GNULIB_SPRINTF_POSIX=''
GNULIB_STAT=''
GNULIB_STDIO_H_NONBLOCKING=''
GNULIB_STDIO_H_SIGPIPE=''
GNULIB_STPCPY=''
GNULIB_STPNCPY=''
GNULIB_STRCASESTR=''
GNULIB_STRCHRNUL=''
GNULIB_STRDUP=''
GNULIB_STRERROR=''
GNULIB_STRERRORNAME_NP=''
GNULIB_STRERROR_R=''
GNULIB_STRFTIME=''
GNULIB_STRNCAT=''
GNULIB_STRNDUP=''
GNULIB_STRNLEN=''
GNULIB_STRPBRK=''
GNULIB_STRPTIME=''
GNULIB_STRSEP=''
GNULIB_STRSIGNAL=''
GNULIB_STRSTR=''
GNULIB_STRTOD=''
GNULIB_STRTOIMAX=''
GNULIB_STRTOK_R=''
GNULIB_STRTOLD=''
GNULIB_STRTOLL=''
GNULIB_STRTOULL=''
GNULIB_STRTOUMAX=''
GNULIB_STRVERSCMP=''
GNULIB_SYMLINK=''
GNULIB_SYMLINKAT=''
GNULIB_SYSTEM_POSIX=''
GNULIB_TIMEGM=''
GNULIB_TIME_R=''
GNULIB_TIME_RZ=''
GNULIB_TMPFILE=''
GNULIB_TOWCTRANS=''
GNULIB_TRUNCATE=''
GNULIB_TTYNAME_R=''
GNULIB_TZSET=''
GNULIB_UNISTD_H_NONBLOCKING=''
GNULIB_UNISTD_H_SIGPIPE=''
GNULIB_UNLINK=''
GNULIB_UNLINKAT=''
GNULIB_UNLOCKPT=''
GNULIB_UNSETENV=''
GNULIB_USLEEP=''
GNULIB_UTIMENSAT=''
GNULIB_VASPRINTF=''
GNULIB_VDPRINTF=''
GNULIB_VFPRINTF=''
GNULIB_VFPRINTF_POSIX=''
GNULIB_VFSCANF=''
GNULIB_VPRINTF=''
GNULIB_VPRINTF_POSIX=''
GNULIB_VSCANF=''
GNULIB_VSNPRINTF=''
GNULIB_VSPRINTF_POSIX=''
GNULIB_WCPCPY=''
GNULIB_WCPNCPY=''
GNULIB_WCRTOMB=''
GNULIB_WCSCASECMP=''
GNULIB_WCSCAT=''
GNULIB_WCSCHR=''
GNULIB_WCSCMP=''
GNULIB_WCSCOLL=''
GNULIB_WCSCPY=''
GNULIB_WCSCSPN=''
GNULIB_WCSDUP=''
GNULIB_WCSFTIME=''
GNULIB_WCSLEN=''
GNULIB_WCSNCASECMP=''
GNULIB_WCSNCAT=''
GNULIB_WCSNCMP=''
GNULIB_WCSNCPY=''
GNULIB_WCSNLEN=''
GNULIB_WCSNRTOMBS=''
GNULIB_WCSPBRK=''
GNULIB_WCSRCHR=''
GNULIB_WCSRTOMBS=''
GNULIB_WCSSPN=''
GNULIB_WCSSTR=''
GNULIB_WCSTOK=''
GNULIB_WCSWIDTH=''
GNULIB_WCSXFRM=''
GNULIB_WCTOB=''
GNULIB_WCTOMB=''
GNULIB_WCTRANS=''
GNULIB_WCTYPE=''
GNULIB_WCWIDTH=''
GNULIB_WMEMCHR=''
GNULIB_WMEMCMP=''
GNULIB_WMEMCPY=''
GNULIB_WMEMMOVE=''
GNULIB_WMEMPCPY=''
GNULIB_WMEMSET=''
GNULIB_WRITE=''
GNULIB__EXIT=''
GREP='/usr/bin/grep'
HAVE_ALIGNED_ALLOC=''
HAVE_ALLOCA_H=''
HAVE_ATOLL=''
HAVE_BTOWC=''
HAVE_C99_STDINT_H=''
HAVE_CANONICALIZE_FILE_NAME=''
HAVE_CHOWN=''
HAVE_COPY_FILE_RANGE=''
HAVE_CRTDEFS_H=''
HAVE_DECL_ECVT=''
HAVE_DECL_ENVIRON=''
HAVE_DECL_EXECVPE=''
HAVE_DECL_FCHDIR=''
HAVE_DECL_FCLOSEALL=''
HAVE_DECL_FCVT=''
HAVE_DECL_FDATASYNC=''
HAVE_DECL_FPURGE=''
HAVE_DECL_FSEEKO=''
HAVE_DECL_FTELLO=''
HAVE_DECL_GCVT=''
HAVE_DECL_GETDELIM=''
HAVE_DECL_GETDOMAINNAME=''
HAVE_DECL_GETLINE=''
HAVE_DECL_GETLOADAVG=''
HAVE_DECL_GETLOGIN=''
HAVE_DECL_GETLOGIN_R=''
HAVE_DECL_GETPAGESIZE=''
HAVE_DECL_GETUSERSHELL=''
HAVE_DECL_IMAXABS=''
HAVE_DECL_IMAXDIV=''
HAVE_DECL_INITSTATE=''
HAVE_DECL_LOCALTIME_R=''
HAVE_DECL_MEMMEM=''
HAVE_DECL_MEMRCHR=''
HAVE_DECL_OBSTACK_PRINTF=''
HAVE_DECL_SETENV=''
HAVE_DECL_SETHOSTNAME=''
HAVE_DECL_SETSTATE=''
HAVE_DECL_SNPRINTF=''
HAVE_DECL_STRDUP=''
HAVE_DECL_STRERROR_R=''
HAVE_DECL_STRNDUP=''
HAVE_DECL_STRNLEN=''
HAVE_DECL_STRSIGNAL=''
HAVE_DECL_STRTOIMAX=''
HAVE_DECL_STRTOK_R=''
HAVE_DECL_STRTOUMAX=''
HAVE_DECL_TRUNCATE=''
HAVE_DECL_TTYNAME_R=''
HAVE_DECL_UNSETENV=''
HAVE_DECL_VSNPRINTF=''
HAVE_DECL_WCSDUP=''
HAVE_DECL_WCTOB=''
HAVE_DECL_WCWIDTH=''
HAVE_DPRINTF=''
HAVE_DUP3=''
HAVE_DUPLOCALE=''
HAVE_EUIDACCESS=''
HAVE_EXECVPE=''
HAVE_EXPLICIT_BZERO=''
HAVE_FACCESSAT=''
HAVE_FCHDIR=''
HAVE_FCHMODAT=''
HAVE_FCHOWNAT=''
HAVE_FCNTL=''
HAVE_FDATASYNC=''
HAVE_FEATURES_H=''
HAVE_FFSL=''
HAVE_FFSLL=''
HAVE_FREELOCALE=''
HAVE_FSEEKO=''
HAVE_FSTATAT=''
HAVE_FSYNC=''
HAVE_FTELLO=''
HAVE_FTRUNCATE=''
HAVE_FUTIMENS=''
HAVE_GETDTABLESIZE=''
HAVE_GETENTROPY=''
HAVE_GETGROUPS=''
HAVE_GETHOSTNAME=''
HAVE_GETLOGIN=''
HAVE_GETOPT_H=''
HAVE_GETPAGESIZE=''
HAVE_GETPASS=''
HAVE_GETSUBOPT=''
HAVE_GETUMASK=''
HAVE_GRANTPT=''
HAVE_GROUP_MEMBER=''
HAVE_IMAXDIV_T=''
HAVE_INITSTATE=''
HAVE_INTTYPES_H=''
HAVE_ISWBLANK=''
HAVE_ISWCNTRL=''
HAVE_LCHMOD=''
HAVE_LCHOWN=''
HAVE_LINK=''
HAVE_LINKAT=''
HAVE_LSTAT=''
HAVE_MAX_ALIGN_T=''
HAVE_MBRLEN=''
HAVE_MBRTOWC=''
HAVE_MBSINIT=''
HAVE_MBSLEN=''
HAVE_MBSNRTOWCS=''
HAVE_MBSRTOWCS=''
HAVE_MBTOWC=''
HAVE_MEMPCPY=''
HAVE_MKDIRAT=''
HAVE_MKDTEMP=''
HAVE_MKFIFO=''
HAVE_MKFIFOAT=''
HAVE_MKNOD=''
HAVE_MKNODAT=''
HAVE_MKOSTEMP=''
HAVE_MKOSTEMPS=''
HAVE_MKSTEMP=''
HAVE_MKSTEMPS=''
HAVE_MSVC_INVALID_PARAMETER_HANDLER=''
HAVE_NANOSLEEP=''
HAVE_NEWLOCALE=''
HAVE_OPENAT=''
HAVE_OS_H=''
HAVE_PCLOSE=''
HAVE_PIPE2=''
HAVE_PIPE=''
HAVE_POPEN=''
HAVE_POSIX_MEMALIGN=''
HAVE_POSIX_OPENPT=''
HAVE_PREAD=''
HAVE_PTSNAME=''
HAVE_PTSNAME_R=''
HAVE_PWRITE=''
HAVE_QSORT_R=''
HAVE_RANDOM=''
HAVE_RANDOM_H=''
HAVE_RANDOM_R=''
HAVE_RAWMEMCHR=''
HAVE_READLINK=''
HAVE_READLINKAT=''
HAVE_REALLOCARRAY=''
HAVE_REALPATH=''
HAVE_RENAMEAT=''
HAVE_RPMATCH=''
HAVE_SECURE_GETENV=''
HAVE_SETENV=''
HAVE_SETHOSTNAME=''
HAVE_SETSTATE=''
HAVE_SIGABBREV_NP=''
HAVE_SIGDESCR_NP=''
HAVE_SIGNED_SIG_ATOMIC_T=''
HAVE_SIGNED_WCHAR_T=''
HAVE_SIGNED_WINT_T=''
HAVE_SLEEP=''
HAVE_STDINT_H=''
HAVE_STPCPY=''
HAVE_STPNCPY=''
HAVE_STRCASESTR=''
HAVE_STRCHRNUL=''
HAVE_STRERRORNAME_NP=''
HAVE_STRPBRK=''
HAVE_STRPTIME=''
HAVE_STRSEP=''
HAVE_STRTOD=''
HAVE_STRTOLD=''
HAVE_STRTOLL=''
HAVE_STRTOULL=''
HAVE_STRUCT_RANDOM_DATA=''
HAVE_STRVERSCMP=''
HAVE_SYMLINK=''
HAVE_SYMLINKAT=''
HAVE_SYS_BITYPES_H=''
HAVE_SYS_CDEFS_H=''
HAVE_SYS_INTTYPES_H=''
HAVE_SYS_LOADAVG_H=''
HAVE_SYS_PARAM_H=''
HAVE_SYS_TYPES_H=''
HAVE_TIMEGM=''
HAVE_TIMEZONE_T=''
HAVE_UNISTD_H=''
HAVE_UNLINKAT=''
HAVE_UNLOCKPT=''
HAVE_USLEEP=''
HAVE_UTIMENSAT=''
HAVE_VASPRINTF=''
HAVE_VDPRINTF=''
HAVE_VISIBILITY=''
HAVE_WCHAR_H=''
HAVE_WCHAR_T=''
HAVE_WCPCPY=''
HAVE_WCPNCPY=''
HAVE_WCRTOMB=''
HAVE_WCSCASECMP=''
HAVE_WCSCAT=''
HAVE_WCSCHR=''
HAVE_WCSCMP=''
HAVE_WCSCOLL=''
HAVE_WCSCPY=''
HAVE_WCSCSPN=''
HAVE_WCSDUP=''
HAVE_WCSFTIME=''
HAVE_WCSLEN=''
HAVE_WCSNCASECMP=''
HAVE_WCSNCAT=''
HAVE_WCSNCMP=''
HAVE_WCSNCPY=''
HAVE_WCSNLEN=''
HAVE_WCSNRTOMBS=''
HAVE_WCSPBRK=''
HAVE_WCSRCHR=''
HAVE_WCSRTOMBS=''
HAVE_WCSSPN=''
HAVE_WCSSTR=''
HAVE_WCSTOK=''
HAVE_WCSWIDTH=''
HAVE_WCSXFRM=''
HAVE_WCTRANS_T=''
HAVE_WCTYPE_H=''
HAVE_WCTYPE_T=''
HAVE_WINSOCK2_H=''
HAVE_WINT_T=''
HAVE_WMEMCHR=''
HAVE_WMEMCMP=''
HAVE_WMEMCPY=''
HAVE_WMEMMOVE=''
HAVE_WMEMPCPY=''
HAVE_WMEMSET=''
HAVE_XLOCALE_H=''
HAVE__BOOL=''
HAVE__EXIT=''
HELP2MAN=''
ICONV_CONST=''
ICONV_H=''
INCLUDE_NEXT=''
INCLUDE_NEXT_AS_FIRST_DIRECTIVE=''
INSTALL_DATA='${INSTALL} -m 644'
INSTALL_PROGRAM='${INSTALL}'
INSTALL_SCRIPT='${INSTALL}'
INSTALL_STRIP_PROGRAM='$(install_sh) -c -s'
INT32_MAX_LT_INTMAX_MAX=''
INT64_MAX_EQ_LONG_MAX=''
INTLLIBS=''
INTL_MACOSX_LIBS=''
LDFLAGS=''
LIBHELLO_LIBDEPS=''
LIBHELLO_LTLIBDEPS=''
LIBICONV=''
LIBINTL=''
LIBOBJS=''
LIBPMULTITHREAD=''
LIBPTHREAD=''
LIBS=''
LIBUNISTRING_COMPILE_UNISTR_U8_MBTOUCR_FALSE=''
LIBUNISTRING_COMPILE_UNISTR_U8_MBTOUCR_TRUE=''
LIBUNISTRING_COMPILE_UNISTR_U8_UCTOMB_FALSE=''
LIBUNISTRING_COMPILE_UNISTR_U8_UCTOMB_TRUE=''
LIBUNISTRING_COMPILE_UNIWIDTH_WIDTH_FALSE=''
LIBUNISTRING_COMPILE_UNIWIDTH_WIDTH_TRUE=''
LIBUNISTRING_UNISTR_H=''
LIBUNISTRING_UNITYPES_H=''
LIBUNISTRING_UNIWIDTH_H=''
LIB_HARD_LOCALE=''
LIB_MBRTOWC=''
LIB_SCHED_YIELD=''
LIB_SETLOCALE_NULL=''
LIMITS_H=''
LOCALCHARSET_TESTS_ENVIRONMENT=''
LOCALE_FR=''
LOCALE_FR_UTF8=''
LOCALE_JA=''
LOCALE_ZH_CN=''
LTLIBICONV=''
LTLIBINTL=''
LTLIBOBJS=''
MAKEINFO='${SHELL} /home/eino/repo/enewald/enewald/packages.local/hello-2.12/build-aux/missing makeinfo'
MKDIR_P='/usr/bin/mkdir -p'
MSGFMT=''
MSGMERGE=''
MSGMERGE_FOR_MSGFMT_OPTION=''
NEXT_AS_FIRST_DIRECTIVE_ERRNO_H=''
NEXT_AS_FIRST_DIRECTIVE_FCNTL_H=''
NEXT_AS_FIRST_DIRECTIVE_GETOPT_H=''
NEXT_AS_FIRST_DIRECTIVE_ICONV_H=''
NEXT_AS_FIRST_DIRECTIVE_INTTYPES_H=''
NEXT_AS_FIRST_DIRECTIVE_LIMITS_H=''
NEXT_AS_FIRST_DIRECTIVE_LOCALE_H=''
NEXT_AS_FIRST_DIRECTIVE_STDARG_H=''
NEXT_AS_FIRST_DIRECTIVE_STDDEF_H=''
NEXT_AS_FIRST_DIRECTIVE_STDINT_H=''
NEXT_AS_FIRST_DIRECTIVE_STDIO_H=''
NEXT_AS_FIRST_DIRECTIVE_STDLIB_H=''
NEXT_AS_FIRST_DIRECTIVE_STRING_H=''
NEXT_AS_FIRST_DIRECTIVE_SYS_STAT_H=''
NEXT_AS_FIRST_DIRECTIVE_SYS_TYPES_H=''
NEXT_AS_FIRST_DIRECTIVE_TIME_H=''
NEXT_AS_FIRST_DIRECTIVE_UNISTD_H=''
NEXT_AS_FIRST_DIRECTIVE_WCHAR_H=''
NEXT_AS_FIRST_DIRECTIVE_WCTYPE_H=''
NEXT_ERRNO_H=''
NEXT_FCNTL_H=''
NEXT_GETOPT_H=''
NEXT_ICONV_H=''
NEXT_INTTYPES_H=''
NEXT_LIMITS_H=''
NEXT_LOCALE_H=''
NEXT_STDARG_H=''
NEXT_STDDEF_H=''
NEXT_STDINT_H=''
NEXT_STDIO_H=''
NEXT_STDLIB_H=''
NEXT_STRING_H=''
NEXT_SYS_STAT_H=''
NEXT_SYS_TYPES_H=''
NEXT_TIME_H=''
NEXT_UNISTD_H=''
NEXT_WCHAR_H=''
NEXT_WCTYPE_H=''
OBJEXT='o'
PACKAGE='hello'
PACKAGE_BUGREPORT='bug-hello@gnu.org'
PACKAGE_NAME='GNU Hello'
PACKAGE_STRING='GNU Hello 2.12.1-6fe9'
PACKAGE_TARNAME='hello'
PACKAGE_URL='https://www.gnu.org/software/hello/'
PACKAGE_VERSION='2.12.1-6fe9'
PATH_SEPARATOR=':'
POSUB=''
PRAGMA_COLUMNS=''
PRAGMA_SYSTEM_HEADER=''
PRIPTR_PREFIX=''
PTHREAD_H_DEFINES_STRUCT_TIMESPEC=''
PTRDIFF_T_SUFFIX=''
RANLIB=''
REPLACE_ACCESS=''
REPLACE_ALIGNED_ALLOC=''
REPLACE_BTOWC=''
REPLACE_CALLOC=''
REPLACE_CANONICALIZE_FILE_NAME=''
REPLACE_CHOWN=''
REPLACE_CLOSE=''
REPLACE_CREAT=''
REPLACE_CTIME=''
REPLACE_DPRINTF=''
REPLACE_DUP2=''
REPLACE_DUP=''
REPLACE_DUPLOCALE=''
REPLACE_EXECL=''
REPLACE_EXECLE=''
REPLACE_EXECLP=''
REPLACE_EXECV=''
REPLACE_EXECVE=''
REPLACE_EXECVP=''
REPLACE_EXECVPE=''
REPLACE_FACCESSAT=''
REPLACE_FCHMODAT=''
REPLACE_FCHOWNAT=''
REPLACE_FCLOSE=''
REPLACE_FCNTL=''
REPLACE_FDOPEN=''
REPLACE_FFLUSH=''
REPLACE_FOPEN=''
REPLACE_FPRINTF=''
REPLACE_FPURGE=''
REPLACE_FREE=''
REPLACE_FREELOCALE=''
REPLACE_FREOPEN=''
REPLACE_FSEEK=''
REPLACE_FSEEKO=''
REPLACE_FSTAT=''
REPLACE_FSTATAT=''
REPLACE_FTELL=''
REPLACE_FTELLO=''
REPLACE_FTRUNCATE=''
REPLACE_FUTIMENS=''
REPLACE_GETCWD=''
REPLACE_GETDELIM=''
REPLACE_GETDOMAINNAME=''
REPLACE_GETDTABLESIZE=''
REPLACE_GETGROUPS=''
REPLACE_GETLINE=''
REPLACE_GETLOGIN_R=''
REPLACE_GETPAGESIZE=''
REPLACE_GETPASS=''
REPLACE_GMTIME=''
REPLACE_ICONV=''
REPLACE_ICONV_OPEN=''
REPLACE_ICONV_UTF=''
REPLACE_INITSTATE=''
REPLACE_ISATTY=''
REPLACE_ISWBLANK=''
REPLACE_ISWCNTRL=''
REPLACE_ISWDIGIT=''
REPLACE_ISWXDIGIT=''
REPLACE_LCHOWN=''
REPLACE_LINK=''
REPLACE_LINKAT=''
REPLACE_LOCALECONV=''
REPLACE_LOCALTIME=''
REPLACE_LOCALTIME_R=''
REPLACE_LSEEK=''
REPLACE_LSTAT=''
REPLACE_MALLOC=''
REPLACE_MBRLEN=''
REPLACE_MBRTOWC=''
REPLACE_MBSINIT=''
REPLACE_MBSNRTOWCS=''
REPLACE_MBSRTOWCS=''
REPLACE_MBSTATE_T=''
REPLACE_MBTOWC=''
REPLACE_MEMCHR=''
REPLACE_MEMMEM=''
REPLACE_MKDIR=''
REPLACE_MKFIFO=''
REPLACE_MKNOD=''
REPLACE_MKSTEMP=''
REPLACE_MKTIME=''
REPLACE_NANOSLEEP=''
REPLACE_NEWLOCALE=''
REPLACE_NULL=''
REPLACE_OBSTACK_PRINTF=''
REPLACE_OPEN=''
REPLACE_OPENAT=''
REPLACE_PERROR=''
REPLACE_POPEN=''
REPLACE_POSIX_MEMALIGN=''
REPLACE_PREAD=''
REPLACE_PRINTF=''
REPLACE_PTSNAME=''
REPLACE_PTSNAME_R=''
REPLACE_PUTENV=''
REPLACE_PWRITE=''
REPLACE_QSORT_R=''
REPLACE_RANDOM=''
REPLACE_RANDOM_R=''
REPLACE_READ=''
REPLACE_READLINK=''
REPLACE_READLINKAT=''
REPLACE_REALLOC=''
REPLACE_REALPATH=''
REPLACE_REMOVE=''
REPLACE_RENAME=''
REPLACE_RENAMEAT=''
REPLACE_RMDIR=''
REPLACE_SETENV=''
REPLACE_SETLOCALE=''
REPLACE_SETSTATE=''
REPLACE_SLEEP=''
REPLACE_SNPRINTF=''
REPLACE_SPRINTF=''
REPLACE_STAT=''
REPLACE_STDIO_READ_FUNCS=''
REPLACE_STDIO_WRITE_FUNCS=''
REPLACE_STPNCPY=''
REPLACE_STRCASESTR=''
REPLACE_STRCHRNUL=''
REPLACE_STRDUP=''
REPLACE_STRERROR=''
REPLACE_STRERRORNAME_NP=''
REPLACE_STRERROR_R=''
REPLACE_STRFTIME=''
REPLACE_STRNCAT=''
REPLACE_STRNDUP=''
REPLACE_STRNLEN=''
REPLACE_STRSIGNAL=''
REPLACE_STRSTR=''
REPLACE_STRTOD=''
REPLACE_STRTOIMAX=''
REPLACE_STRTOK_R=''
REPLACE_STRTOLD=''
REPLACE_STRTOUMAX=''
REPLACE_STRUCT_LCONV=''
REPLACE_SYMLINK=''
REPLACE_SYMLINKAT=''
REPLACE_TIMEGM=''
REPLACE_TMPFILE=''
REPLACE_TOWLOWER=''
REPLACE_TRUNCATE=''
REPLACE_TTYNAME_R=''
REPLACE_TZSET=''
REPLACE_UNLINK=''
REPLACE_UNLINKAT=''
REPLACE_UNSETENV=''
REPLACE_USLEEP=''
REPLACE_UTIMENSAT=''
REPLACE_VASPRINTF=''
REPLACE_VDPRINTF=''
REPLACE_VFPRINTF=''
REPLACE_VPRINTF=''
REPLACE_VSNPRINTF=''
REPLACE_VSPRINTF=''
REPLACE_WCRTOMB=''
REPLACE_WCSFTIME=''
REPLACE_WCSNRTOMBS=''
REPLACE_WCSRTOMBS=''
REPLACE_WCSTOK=''
REPLACE_WCSWIDTH=''
REPLACE_WCTOB=''
REPLACE_WCTOMB=''
REPLACE_WCWIDTH=''
REPLACE_WRITE=''
SED=''
SET_MAKE=''
SHELL='/bin/bash'
SIG_ATOMIC_T_SUFFIX=''
SIZE_T_SUFFIX=''
STDARG_H=''
STDBOOL_H=''
STDDEF_H=''
STDINT_H=''
STDNORETURN_H=''
STRIP=''
SYS_TIME_H_DEFINES_STRUCT_TIMESPEC=''
TIME_H_DEFINES_STRUCT_TIMESPEC=''
UINT32_MAX_LT_UINTMAX_MAX=''
UINT64_MAX_EQ_ULONG_MAX=''
UNDEFINE_STRTOK_R=''
UNISTD_H_DEFINES_STRUCT_TIMESPEC=''
UNISTD_H_HAVE_SYS_RANDOM_H=''
UNISTD_H_HAVE_WINSOCK2_H=''
UNISTD_H_HAVE_WINSOCK2_H_AND_USE_SOCKETS=''
USE_NLS=''
VERSION='2.12.1-6fe9'
WCHAR_T_SUFFIX=''
WINDOWS_64_BIT_OFF_T=''
WINDOWS_64_BIT_ST_SIZE=''
WINDOWS_STAT_INODES=''
WINDOWS_STAT_TIMESPEC=''
WINT_T_SUFFIX=''
XGETTEXT=''
XGETTEXT_015=''
XGETTEXT_EXTRA_OPTIONS=''
ac_ct_CC='gcc'
am__EXEEXT_FALSE=''
am__EXEEXT_TRUE=''
am__fastdepCC_FALSE='#'
am__fastdepCC_TRUE=''
am__include='include'
am__isrc=''
am__leading_dot='.'
am__nodep='_no'
am__quote=''
am__tar='$${TAR-tar} chof - "$$tardir"'
am__untar='$${TAR-tar} xf -'
bindir='${exec_prefix}/bin'
build=''
build_alias=''
build_cpu=''
build_os=''
build_vendor=''
datadir='${datarootdir}'
datarootdir='${prefix}/share'
docdir='${datarootdir}/doc/${PACKAGE_TARNAME}'
dvidir='${docdir}'
exec_prefix='NONE'
gl_LIBOBJS=''
gl_LTLIBOBJS=''
gltests_LIBOBJS=''
gltests_LTLIBOBJS=''
gltests_WITNESS=''
host=''
host_alias=''
host_cpu=''
host_os=''
host_vendor=''
htmldir='${docdir}'
includedir='${prefix}/include'
infodir='${datarootdir}/info'
install_sh='${SHELL} /home/eino/repo/enewald/enewald/packages.local/hello-2.12/build-aux/install-sh'
libdir='${exec_prefix}/lib'
libexecdir='${exec_prefix}/libexec'
lispdir=''
localedir='${datarootdir}/locale'
localstatedir='${prefix}/var'
mandir='${datarootdir}/man'
mkdir_p='$(MKDIR_P)'
oldincludedir='/usr/include'
pdfdir='${docdir}'
pkglibexecdir=''
prefix='NONE'
program_transform_name='s,x,x,'
psdir='${docdir}'
runstatedir='${localstatedir}/run'
sbindir='${exec_prefix}/sbin'
sharedstatedir='${prefix}/com'
sysconfdir='${prefix}/etc'
target_alias=''

## ----------- ##
## confdefs.h. ##
## ----------- ##

/* confdefs.h */
#define PACKAGE_NAME "GNU Hello"
#define PACKAGE_TARNAME "hello"
#define PACKAGE_VERSION "2.12.1-6fe9"
#define PACKAGE_STRING "GNU Hello 2.12.1-6fe9"
#define PACKAGE_BUGREPORT "bug-hello@gnu.org"
#define PACKAGE_URL "https://www.gnu.org/software/hello/"
#define PACKAGE "hello"
#define VERSION "2.12.1-6fe9"
#define STDC_HEADERS 1
#define HAVE_SYS_TYPES_H 1
#define HAVE_SYS_STAT_H 1
#define HAVE_STDLIB_H 1

configure: caught signal 2
configure: exit 1
